<?xml version="1.0" encoding="UTF-8"?>
<testng-results ignored="0" total="1" passed="1" failed="0" skipped="0">
  <reporter-output>
  </reporter-output>
  <suite started-at="2021-04-05T11:51:13 IST" name="Default suite" finished-at="2021-04-05T11:51:28 IST" duration-ms="15713">
    <groups>
    </groups>
    <test started-at="2021-04-05T11:51:13 IST" name="Default test" finished-at="2021-04-05T11:51:28 IST" duration-ms="15713">
      <class name="test.flows.LoginTest">
        <test-method is-config="true" signature="init()[pri:0, instance:test.flows.LoginTest@54c5a2ff]" started-at="2021-04-05T11:51:13 IST" name="init" finished-at="2021-04-05T11:51:27 IST" duration-ms="14639" status="PASS">
          <reporter-output>
          </reporter-output>
        </test-method> <!-- init -->
        <test-method signature="testLogin()[pri:0, instance:test.flows.LoginTest@54c5a2ff]" started-at="2021-04-05T11:51:27 IST" name="testLogin" finished-at="2021-04-05T11:51:27 IST" duration-ms="202" status="PASS">
          <reporter-output>
          </reporter-output>
        </test-method> <!-- testLogin -->
        <test-method is-config="true" signature="quitDriver()[pri:0, instance:test.flows.LoginTest@54c5a2ff]" started-at="2021-04-05T11:51:27 IST" name="quitDriver" finished-at="2021-04-05T11:51:28 IST" duration-ms="836" status="PASS">
          <reporter-output>
          </reporter-output>
        </test-method> <!-- quitDriver -->
      </class> <!-- test.flows.LoginTest -->
    </test> <!-- Default test -->
  </suite> <!-- Default suite -->
</testng-results>
